<?xml version="1.0" encoding="UTF-8"?>
<!-- Generated by org.testng.reporters.JUnitXMLReporter -->
<testsuite ignored="5" hostname="DESKTOP-OD30TCI" failures="0" tests="23" name="Test" time="92.718" errors="0" timestamp="2024-07-11T12:28:33 IST">
  <testcase classname="Doocti107_Admin.Config_Createion" name="create_Queue" time="4.347"/>
  <testcase classname="Doocti107_Admin.Config_Createion" name="create_DispowithAction" time="4.608"/>
  <testcase classname="Doocti107_Admin.Config_Createion" name="create_Subdispo" time="4.528"/>
  <testcase classname="Doocti107_Admin.Config_Createion" name="create_DispowithoutAction" time="3.317"/>
  <testcase classname="Doocti107_Admin.Config_Createion" name="create_LeadStatuswithClosed" time="3.386"/>
  <testcase classname="Doocti107_Admin.Config_Createion" name="create_TicketStatuswithClosed" time="3.657"/>
  <testcase classname="Doocti107_Admin.Config_Createion" name="create_LeadStatuswithoutClosed" time="3.299"/>
  <testcase classname="Doocti107_Admin.Config_Createion" name="create_TicketStatuswithoutClosed" time="3.332"/>
  <testcase classname="Doocti107_Admin.Config_Createion" name="create_PauseCode" time="4.866"/>
  <testcase classname="Doocti107_Admin.Config_Createion" name="upload_Blocklist" time="2.786"/>
  <testcase classname="Doocti107_Admin.Config_Createion" name="upload_DNC" time="2.586"/>
  <testcase classname="Doocti107_Admin.Config_Createion" name="upload_DID" time="2.61"/>
  <testcase classname="Doocti107_Admin.Config_Createion" name="create_DID" time="3.25"/>
  <testcase classname="Doocti107_Admin.Config_Createion" name="create_Tag" time="3.51"/>
  <testcase classname="Doocti107_Admin.Config_Createion" name="create_Announcement" time="4.399"/>
  <testcase classname="Doocti107_Admin.Config_Createion" name="create_ScriptURL" time="4.082"/>
  <testcase classname="Doocti107_Admin.Config_Createion" name="create_ScriptText" time="4.045"/>
  <testcase classname="Doocti107_Admin.Config_Createion" name="create_InboundwithBlklist" time="4.149"/>
  <testcase classname="Doocti107_Admin.Config_Createion" name="create_InboundwithoutBlklist" time="3.832"/>
  <testcase classname="Doocti107_Admin.Config_Createion" name="create_TimeZone" time="7.132"/>
  <testcase classname="Doocti107_Admin.Config_Createion" name="create_SystemSettingDataLead" time="1.506"/>
  <testcase classname="Doocti107_Admin.Config_Createion" name="create_SystemSettingDataTicket" time="1.779"/>
  <testcase classname="Doocti107_Admin.Config_Createion" name="create_MeetingTitle" time="3.255"/>
  <testcase classname="Doocti107_Admin.Config_Createion" name="create_OminiChannel" time="0.0">
    <ignored/>
  </testcase> <!-- create_OminiChannel -->
  <testcase classname="Doocti107_Admin.Config_Createion" name="create_SLA" time="0.0">
    <ignored/>
  </testcase> <!-- create_SLA -->
  <testcase classname="Doocti107_Admin.Config_Createion" name="upload_Audio" time="0.0">
    <ignored/>
  </testcase> <!-- upload_Audio -->
  <testcase classname="Doocti107_Admin.Config_Createion" name="create_Schedule" time="0.0">
    <ignored/>
  </testcase> <!-- create_Schedule -->
  <testcase classname="Doocti107_Admin.Config_Createion" name="create_Noti" time="0.0">
    <ignored/>
  </testcase> <!-- create_Noti -->
</testsuite> <!-- Test -->
