<?xml version="1.0" encoding="UTF-8"?>
<!-- Generated by org.testng.reporters.JUnitXMLReporter -->
<testsuite ignored="0" hostname="DESKTOP-AJNVIH5" failures="0" tests="5" name="Creation Flow" time="49.697" errors="0" timestamp="2024-05-22T16:16:13 IST">
  <testcase classname="Doocti107.UserGroupCreatiom" name="Create_Usergroup" time="2.161"/>
  <testcase classname="Doocti107.UserGroupCreatiom" name="Create_User" time="13.397"/>
  <testcase classname="Doocti107.UserGroupCreatiom" name="Create_Channel" time="3.046"/>
  <testcase classname="Doocti107.UserGroupCreatiom" name="Create_Source" time="2.975"/>
  <testcase classname="Doocti107.UserGroupCreatiom" name="Create_Team" time="7.347"/>
</testsuite> <!-- Creation Flow -->
