<?xml version="1.0" encoding="UTF-8"?>
<!-- Generated by org.testng.reporters.JUnitXMLReporter -->
<testsuite ignored="0" hostname="DESKTOP-OD30TCI" failures="0" tests="5" name="Creation Flow" time="37.408" errors="0" timestamp="2024-07-11T12:30:46 IST">
  <testcase classname="Doocti107_Admin.UserGroupCreation" name="Create_Usergroup" time="5.339"/>
  <testcase classname="Doocti107_Admin.UserGroupCreation" name="Create_User" time="12.851"/>
  <testcase classname="Doocti107_Admin.UserGroupCreation" name="Create_Channel" time="2.0"/>
  <testcase classname="Doocti107_Admin.UserGroupCreation" name="Create_Source" time="2.532"/>
  <testcase classname="Doocti107_Admin.UserGroupCreation" name="Create_Team" time="6.881"/>
</testsuite> <!-- Creation Flow -->
