<?xml version="1.0" encoding="UTF-8"?>
<!-- Generated by org.testng.reporters.JUnitXMLReporter -->
<testsuite ignored="4" hostname="DESKTOP-OD30TCI" failures="0" tests="17" name="Test" time="118.406" errors="0" timestamp="2024-07-11T12:32:53 IST">
  <testcase classname="Doocti107_Admin.Config_Update" name="Update_Dispo" time="7.31"/>
  <testcase classname="Doocti107_Admin.Config_Update" name="update_SubDispo" time="6.561"/>
  <testcase classname="Doocti107_Admin.Config_Update" name="Update_Dispowithaction" time="6.482"/>
  <testcase classname="Doocti107_Admin.Config_Update" name="update_LeadStatus" time="6.094"/>
  <testcase classname="Doocti107_Admin.Config_Update" name="update_TicketStatus" time="5.981"/>
  <testcase classname="Doocti107_Admin.Config_Update" name="update_LeadStatuswithclosed" time="5.839"/>
  <testcase classname="Doocti107_Admin.Config_Update" name="update_TicketStatuswithclosed" time="6.379"/>
  <testcase classname="Doocti107_Admin.Config_Update" name="update_Pausecode" time="7.537"/>
  <testcase classname="Doocti107_Admin.Config_Update" name="update_DID" time="5.544"/>
  <testcase classname="Doocti107_Admin.Config_Update" name="update_Tag" time="5.846"/>
  <testcase classname="Doocti107_Admin.Config_Update" name="update_Announcement" time="6.754"/>
  <testcase classname="Doocti107_Admin.Config_Update" name="update_ScriptURL" time="9.513"/>
  <testcase classname="Doocti107_Admin.Config_Update" name="update_Inbound" time="4.114"/>
  <testcase classname="Doocti107_Admin.Config_Update" name="update_ScriptText" time="9.252"/>
  <testcase classname="Doocti107_Admin.Config_Update" name="update_Inboundwithblk" time="4.245"/>
  <testcase classname="Doocti107_Admin.Config_Update" name="update_TimeZone" time="6.265"/>
  <testcase classname="Doocti107_Admin.Config_Update" name="update_MeetingTitle" time="4.37"/>
  <testcase classname="Doocti107_Admin.Config_Update" name="update_Audio" time="0.0">
    <ignored/>
  </testcase> <!-- update_Audio -->
  <testcase classname="Doocti107_Admin.Config_Update" name="update_SLA" time="0.0">
    <ignored/>
  </testcase> <!-- update_SLA -->
  <testcase classname="Doocti107_Admin.Config_Update" name="update_Schedule" time="0.0">
    <ignored/>
  </testcase> <!-- update_Schedule -->
  <testcase classname="Doocti107_Admin.Config_Update" name="update_Noti" time="0.0">
    <ignored/>
  </testcase> <!-- update_Noti -->
</testsuite> <!-- Test -->
