<?xml version="1.0" encoding="UTF-8"?>
<!-- Generated by org.testng.reporters.JUnitXMLReporter -->
<testsuite ignored="24" hostname="DESKTOP-AJNVIH5" failures="0" tests="1" name="Default test" time="23.81" errors="0" timestamp="2024-06-07T10:58:36 IST">
  <testcase classname="Doocti107_Admin.Configu_Createion" name="create_TimeZone" time="6.346"/>
  <testcase classname="Doocti107_Admin.Configu_Createion" name="create_OminiChannel" time="0.0">
    <ignored/>
  </testcase> <!-- create_OminiChannel -->
  <testcase classname="Doocti107_Admin.Configu_Createion" name="create_DispowithAction" time="0.0">
    <ignored/>
  </testcase> <!-- create_DispowithAction -->
  <testcase classname="Doocti107_Admin.Configu_Createion" name="create_Remainder" time="0.0">
    <ignored/>
  </testcase> <!-- create_Remainder -->
  <testcase classname="Doocti107_Admin.Configu_Createion" name="create_ScriptText" time="0.0">
    <ignored/>
  </testcase> <!-- create_ScriptText -->
  <testcase classname="Doocti107_Admin.Configu_Createion" name="upload_Blocklist" time="0.0">
    <ignored/>
  </testcase> <!-- upload_Blocklist -->
  <testcase classname="Doocti107_Admin.Configu_Createion" name="create_Schedule" time="0.0">
    <ignored/>
  </testcase> <!-- create_Schedule -->
  <testcase classname="Doocti107_Admin.Configu_Createion" name="create_DispowithoutAction" time="0.0">
    <ignored/>
  </testcase> <!-- create_DispowithoutAction -->
  <testcase classname="Doocti107_Admin.Configu_Createion" name="create_SLA" time="0.0">
    <ignored/>
  </testcase> <!-- create_SLA -->
  <testcase classname="Doocti107_Admin.Configu_Createion" name="create_InboundwithBlklist" time="0.0">
    <ignored/>
  </testcase> <!-- create_InboundwithBlklist -->
  <testcase classname="Doocti107_Admin.Configu_Createion" name="create_InboundwithoutBlklist" time="0.0">
    <ignored/>
  </testcase> <!-- create_InboundwithoutBlklist -->
  <testcase classname="Doocti107_Admin.Configu_Createion" name="create_LeadStatuswithoutClosed" time="0.0">
    <ignored/>
  </testcase> <!-- create_LeadStatuswithoutClosed -->
  <testcase classname="Doocti107_Admin.Configu_Createion" name="create_TicketStatuswithClosed" time="0.0">
    <ignored/>
  </testcase> <!-- create_TicketStatuswithClosed -->
  <testcase classname="Doocti107_Admin.Configu_Createion" name="upload_DID" time="0.0">
    <ignored/>
  </testcase> <!-- upload_DID -->
  <testcase classname="Doocti107_Admin.Configu_Createion" name="create_Queue" time="0.0">
    <ignored/>
  </testcase> <!-- create_Queue -->
  <testcase classname="Doocti107_Admin.Configu_Createion" name="create_PauseCode" time="0.0">
    <ignored/>
  </testcase> <!-- create_PauseCode -->
  <testcase classname="Doocti107_Admin.Configu_Createion" name="upload_DNC" time="0.0">
    <ignored/>
  </testcase> <!-- upload_DNC -->
  <testcase classname="Doocti107_Admin.Configu_Createion" name="create_Announcement" time="0.0">
    <ignored/>
  </testcase> <!-- create_Announcement -->
  <testcase classname="Doocti107_Admin.Configu_Createion" name="create_DID" time="0.0">
    <ignored/>
  </testcase> <!-- create_DID -->
  <testcase classname="Doocti107_Admin.Configu_Createion" name="create_Subdispo" time="0.0">
    <ignored/>
  </testcase> <!-- create_Subdispo -->
  <testcase classname="Doocti107_Admin.Configu_Createion" name="upload_Audio" time="0.0">
    <ignored/>
  </testcase> <!-- upload_Audio -->
  <testcase classname="Doocti107_Admin.Configu_Createion" name="create_LeadStatuswithClosed" time="0.0">
    <ignored/>
  </testcase> <!-- create_LeadStatuswithClosed -->
  <testcase classname="Doocti107_Admin.Configu_Createion" name="create_TicketStatuswithoutClosed" time="0.0">
    <ignored/>
  </testcase> <!-- create_TicketStatuswithoutClosed -->
  <testcase classname="Doocti107_Admin.Configu_Createion" name="create_ScriptURL" time="0.0">
    <ignored/>
  </testcase> <!-- create_ScriptURL -->
  <testcase classname="Doocti107_Admin.Configu_Createion" name="create_Tag" time="0.0">
    <ignored/>
  </testcase> <!-- create_Tag -->
</testsuite> <!-- Default test -->
