<?xml version="1.0" encoding="UTF-8"?>
<!-- Generated by org.testng.reporters.JUnitXMLReporter -->
<testsuite ignored="12" hostname="DESKTOP-OD30TCI" failures="0" tests="1" name="Default test" time="14.393" errors="0" timestamp="2024-07-11T11:34:45 IST">
  <testcase classname="Doocti107_Admin.CRM_Deletion" name="Delete_VoiceCampaign" time="6.722"/>
  <testcase classname="Doocti107_Admin.CRM_Deletion" name="create_Contact" time="0.0">
    <ignored/>
  </testcase> <!-- create_Contact -->
  <testcase classname="Doocti107_Admin.CRM_Deletion" name="create_Meeting" time="0.0">
    <ignored/>
  </testcase> <!-- create_Meeting -->
  <testcase classname="Doocti107_Admin.CRM_Deletion" name="upload_Contact" time="0.0">
    <ignored/>
  </testcase> <!-- upload_Contact -->
  <testcase classname="Doocti107_Admin.CRM_Deletion" name="create_List" time="0.0">
    <ignored/>
  </testcase> <!-- create_List -->
  <testcase classname="Doocti107_Admin.CRM_Deletion" name="Delete_InboundCampaign" time="0.0">
    <ignored/>
  </testcase> <!-- Delete_InboundCampaign -->
  <testcase classname="Doocti107_Admin.CRM_Deletion" name="Delete_PredictiveCampaign" time="0.0">
    <ignored/>
  </testcase> <!-- Delete_PredictiveCampaign -->
  <testcase classname="Doocti107_Admin.CRM_Deletion" name="create_Lead" time="0.0">
    <ignored/>
  </testcase> <!-- create_Lead -->
  <testcase classname="Doocti107_Admin.CRM_Deletion" name="upload_Lead" time="0.0">
    <ignored/>
  </testcase> <!-- upload_Lead -->
  <testcase classname="Doocti107_Admin.CRM_Deletion" name="create_Tickets" time="0.0">
    <ignored/>
  </testcase> <!-- create_Tickets -->
  <testcase classname="Doocti107_Admin.CRM_Deletion" name="Delete_PreviewCampaign" time="0.0">
    <ignored/>
  </testcase> <!-- Delete_PreviewCampaign -->
  <testcase classname="Doocti107_Admin.CRM_Deletion" name="Delete_PowerCampaign" time="0.0">
    <ignored/>
  </testcase> <!-- Delete_PowerCampaign -->
  <testcase classname="Doocti107_Admin.CRM_Deletion" name="upload_Leads" time="0.0">
    <ignored/>
  </testcase> <!-- upload_Leads -->
</testsuite> <!-- Default test -->
