<?xml version="1.0" encoding="UTF-8"?>
<!-- Generated by org.testng.reporters.JUnitXMLReporter -->
<testsuite ignored="3" hostname="DESKTOP-OD30TCI" failures="0" tests="18" name="Test" time="120.053" errors="0" timestamp="2024-07-11T12:37:17 IST">
  <testcase classname="Doocti107_Admin.Config_Deletion" name="delete_Queue" time="5.869"/>
  <testcase classname="Doocti107_Admin.Config_Deletion" name="delete_Dispo" time="7.403"/>
  <testcase classname="Doocti107_Admin.Config_Deletion" name="delete_SubDispo" time="6.767"/>
  <testcase classname="Doocti107_Admin.Config_Deletion" name="delete_Dispowithaction" time="6.842"/>
  <testcase classname="Doocti107_Admin.Config_Deletion" name="delete_LeadStatus" time="6.762"/>
  <testcase classname="Doocti107_Admin.Config_Deletion" name="delete_TicketStatus" time="6.944"/>
  <testcase classname="Doocti107_Admin.Config_Deletion" name="delete_LeadStatuswithclosed" time="6.808"/>
  <testcase classname="Doocti107_Admin.Config_Deletion" name="delete_TicketStatuswithclosed" time="6.254"/>
  <testcase classname="Doocti107_Admin.Config_Deletion" name="delete_Pausecode" time="7.026"/>
  <testcase classname="Doocti107_Admin.Config_Deletion" name="delete_DID" time="4.828"/>
  <testcase classname="Doocti107_Admin.Config_Deletion" name="delete_Tag" time="6.51"/>
  <testcase classname="Doocti107_Admin.Config_Deletion" name="delete_Announcement" time="6.177"/>
  <testcase classname="Doocti107_Admin.Config_Deletion" name="delete_ScriptURL" time="7.16"/>
  <testcase classname="Doocti107_Admin.Config_Deletion" name="delete_Inbound" time="3.632"/>
  <testcase classname="Doocti107_Admin.Config_Deletion" name="delete_ScriptText" time="7.501"/>
  <testcase classname="Doocti107_Admin.Config_Deletion" name="delete_Inboundwithblk" time="4.222"/>
  <testcase classname="Doocti107_Admin.Config_Deletion" name="delete_TimeZone" time="7.157"/>
  <testcase classname="Doocti107_Admin.Config_Deletion" name="delete_MeetingTitle" time="3.634"/>
  <testcase classname="Doocti107_Admin.Config_Deletion" name="delete_Scheduler" time="0.0">
    <ignored/>
  </testcase> <!-- delete_Scheduler -->
  <testcase classname="Doocti107_Admin.Config_Deletion" name="delete_SLA" time="0.0">
    <ignored/>
  </testcase> <!-- delete_SLA -->
  <testcase classname="Doocti107_Admin.Config_Deletion" name="delete_Noti" time="0.0">
    <ignored/>
  </testcase> <!-- delete_Noti -->
</testsuite> <!-- Test -->
