<?xml version="1.0" encoding="UTF-8"?>
<!-- Generated by org.testng.reporters.JUnitXMLReporter -->
<testsuite ignored="8" hostname="DESKTOP-OD30TCI" failures="0" tests="5" name="CRM Creation" time="39.665" errors="0" timestamp="2024-07-11T12:38:04 IST">
  <testcase classname="Doocti107_Admin.CRM_Deletion" name="Delete_PreviewCampaign" time="7.657"/>
  <testcase classname="Doocti107_Admin.CRM_Deletion" name="Delete_InboundCampaign" time="5.727"/>
  <testcase classname="Doocti107_Admin.CRM_Deletion" name="Delete_PredictiveCampaign" time="5.768"/>
  <testcase classname="Doocti107_Admin.CRM_Deletion" name="Delete_PowerCampaign" time="5.678"/>
  <testcase classname="Doocti107_Admin.CRM_Deletion" name="Delete_VoiceCampaign" time="6.002"/>
  <testcase classname="Doocti107_Admin.CRM_Deletion" name="create_Contact" time="0.0">
    <ignored/>
  </testcase> <!-- create_Contact -->
  <testcase classname="Doocti107_Admin.CRM_Deletion" name="create_Meeting" time="0.0">
    <ignored/>
  </testcase> <!-- create_Meeting -->
  <testcase classname="Doocti107_Admin.CRM_Deletion" name="upload_Contact" time="0.0">
    <ignored/>
  </testcase> <!-- upload_Contact -->
  <testcase classname="Doocti107_Admin.CRM_Deletion" name="create_List" time="0.0">
    <ignored/>
  </testcase> <!-- create_List -->
  <testcase classname="Doocti107_Admin.CRM_Deletion" name="create_Lead" time="0.0">
    <ignored/>
  </testcase> <!-- create_Lead -->
  <testcase classname="Doocti107_Admin.CRM_Deletion" name="upload_Lead" time="0.0">
    <ignored/>
  </testcase> <!-- upload_Lead -->
  <testcase classname="Doocti107_Admin.CRM_Deletion" name="create_Tickets" time="0.0">
    <ignored/>
  </testcase> <!-- create_Tickets -->
  <testcase classname="Doocti107_Admin.CRM_Deletion" name="upload_Leads" time="0.0">
    <ignored/>
  </testcase> <!-- upload_Leads -->
</testsuite> <!-- CRM Creation -->
