<?xml version="1.0" encoding="UTF-8"?>
<!-- Generated by org.testng.reporters.JUnitXMLReporter -->
<testsuite ignored="0" hostname="DESKTOP-OD30TCI" failures="0" tests="5" name="Creation Flow" time="44.669" errors="0" timestamp="2024-07-11T12:35:08 IST">
  <testcase classname="Doocti107_Admin.UserGroupUpdate" name="Update_Usergroups" time="5.445"/>
  <testcase classname="Doocti107_Admin.UserGroupUpdate" name="Update_User" time="21.662"/>
  <testcase classname="Doocti107_Admin.UserGroupUpdate" name="Update_Team" time="3.922"/>
  <testcase classname="Doocti107_Admin.UserGroupUpdate" name="Update_Channel" time="3.404"/>
  <testcase classname="Doocti107_Admin.UserGroupUpdate" name="Update_Source" time="2.63"/>
</testsuite> <!-- Creation Flow -->
