<?xml version="1.0" encoding="UTF-8"?>
<!-- Generated by org.testng.reporters.JUnitXMLReporter -->
<testsuite ignored="8" hostname="DESKTOP-OD30TCI" failures="0" tests="56" name="Flow Test" time="131.659" errors="0" timestamp="2024-07-04T17:47:40 IST">
  <testcase classname="Doocti107_Admin.Config_Update" name="@BeforeClass openConfig" time="0.0">
    <failure type="java.lang.NullPointerException" message="Cannot invoke &amp;quot;org.openqa.selenium.remote.RemoteWebDriver.findElement(org.openqa.selenium.By)&amp;quot; because &amp;quot;this.driver&amp;quot; is null">
      <![CDATA[java.lang.NullPointerException: Cannot invoke "org.openqa.selenium.remote.RemoteWebDriver.findElement(org.openqa.selenium.By)" because "this.driver" is null
at Doocti107_Admin.Config_Update.openConfig(Config_Update.java:26)
at java.base/java.util.ArrayList.forEach(ArrayList.java:1511)
... Removed 25 stack frames]]>
    </failure>
  </testcase> <!-- @BeforeClass openConfig -->
  <testcase classname="Doocti107_Admin.Config_Update" name="@AfterClass closeConfig" time="-1.720095459739E9">
    <skipped/>
  </testcase> <!-- @AfterClass closeConfig -->
  <testcase classname="Doocti107_Admin.Config_Deletion" name="@BeforeClass openConfig" time="0.0">
    <failure type="java.lang.NullPointerException" message="Cannot invoke &amp;quot;org.openqa.selenium.remote.RemoteWebDriver.findElement(org.openqa.selenium.By)&amp;quot; because &amp;quot;this.driver&amp;quot; is null">
      <![CDATA[java.lang.NullPointerException: Cannot invoke "org.openqa.selenium.remote.RemoteWebDriver.findElement(org.openqa.selenium.By)" because "this.driver" is null
at Doocti107_Admin.Config_Deletion.openConfig(Config_Deletion.java:21)
at java.base/java.util.ArrayList.forEach(ArrayList.java:1511)
... Removed 25 stack frames]]>
    </failure>
  </testcase> <!-- @BeforeClass openConfig -->
  <testcase classname="Doocti107_Admin.Config_Deletion" name="@AfterClass closeConfig" time="-1.720095459863E9">
    <skipped/>
  </testcase> <!-- @AfterClass closeConfig -->
  <testcase classname="Doocti107_Admin.Configu_Createion" name="create_Queue" time="3.703"/>
  <testcase classname="Doocti107_Admin.Configu_Createion" name="create_DispowithAction" time="4.768"/>
  <testcase classname="Doocti107_Admin.Configu_Createion" name="create_Subdispo" time="5.446"/>
  <testcase classname="Doocti107_Admin.Configu_Createion" name="create_DispowithoutAction" time="3.734"/>
  <testcase classname="Doocti107_Admin.Configu_Createion" name="create_LeadStatuswithClosed" time="4.157"/>
  <testcase classname="Doocti107_Admin.Configu_Createion" name="create_LeadStatuswithoutClosed" time="3.746"/>
  <testcase classname="Doocti107_Admin.Configu_Createion" name="create_TicketStatuswithClosed" time="4.667"/>
  <testcase classname="Doocti107_Admin.Configu_Createion" name="create_TicketStatuswithoutClosed" time="3.718"/>
  <testcase classname="Doocti107_Admin.Configu_Createion" name="create_PauseCode" time="5.684"/>
  <testcase classname="Doocti107_Admin.Configu_Createion" name="upload_Blocklist" time="3.493"/>
  <testcase classname="Doocti107_Admin.Configu_Createion" name="upload_DNC" time="3.424"/>
  <testcase classname="Doocti107_Admin.Configu_Createion" name="upload_DID" time="3.224"/>
  <testcase classname="Doocti107_Admin.Configu_Createion" name="create_DID" time="3.625"/>
  <testcase classname="Doocti107_Admin.Configu_Createion" name="create_Tag" time="4.761"/>
  <testcase classname="Doocti107_Admin.Configu_Createion" name="create_Announcement" time="4.79"/>
  <testcase classname="Doocti107_Admin.Configu_Createion" name="create_ScriptURL" time="5.004"/>
  <testcase classname="Doocti107_Admin.Configu_Createion" name="create_ScriptText" time="5.036"/>
  <testcase classname="Doocti107_Admin.Configu_Createion" name="create_SLA" time="7.361"/>
  <testcase classname="Doocti107_Admin.Configu_Createion" name="create_Schedule" time="10.5"/>
  <testcase classname="Doocti107_Admin.Configu_Createion" name="create_InboundwithBlklist" time="4.481"/>
  <testcase classname="Doocti107_Admin.Configu_Createion" name="create_InboundwithoutBlklist" time="4.469"/>
  <testcase classname="Doocti107_Admin.Configu_Createion" name="create_TimeZone" time="7.564"/>
  <testcase classname="Doocti107_Admin.Configu_Createion" name="create_Noti" time="5.829"/>
  <testcase classname="Doocti107_Admin.Configu_Createion" name="create_SystemSettingDataLead" time="2.27"/>
  <testcase classname="Doocti107_Admin.Configu_Createion" name="create_SystemSettingDataTicket" time="2.088"/>
  <testcase classname="Doocti107_Admin.Configu_Createion" name="create_MeetingTitle" time="3.513"/>
  <testcase classname="Doocti107_Admin.Config_Update" name="Update_Dispo" time="0.0">
    <skipped/>
  </testcase> <!-- Update_Dispo -->
  <testcase classname="Doocti107_Admin.Config_Update" name="update_SubDispo" time="0.0">
    <skipped/>
  </testcase> <!-- update_SubDispo -->
  <testcase classname="Doocti107_Admin.Config_Update" name="update_LeadStatus" time="0.0">
    <skipped/>
  </testcase> <!-- update_LeadStatus -->
  <testcase classname="Doocti107_Admin.Config_Update" name="update_TicketStatus" time="0.0">
    <skipped/>
  </testcase> <!-- update_TicketStatus -->
  <testcase classname="Doocti107_Admin.Config_Update" name="update_Pausecode" time="0.0">
    <skipped/>
  </testcase> <!-- update_Pausecode -->
  <testcase classname="Doocti107_Admin.Config_Update" name="update_DID" time="0.0">
    <skipped/>
  </testcase> <!-- update_DID -->
  <testcase classname="Doocti107_Admin.Config_Update" name="update_Tag" time="0.0">
    <skipped/>
  </testcase> <!-- update_Tag -->
  <testcase classname="Doocti107_Admin.Config_Update" name="update_Announcement" time="0.0">
    <skipped/>
  </testcase> <!-- update_Announcement -->
  <testcase classname="Doocti107_Admin.Config_Update" name="update_ScriptURL" time="0.0">
    <skipped/>
  </testcase> <!-- update_ScriptURL -->
  <testcase classname="Doocti107_Admin.Config_Update" name="update_SLA" time="0.0">
    <skipped/>
  </testcase> <!-- update_SLA -->
  <testcase classname="Doocti107_Admin.Config_Update" name="update_Inbound" time="0.0">
    <skipped/>
  </testcase> <!-- update_Inbound -->
  <testcase classname="Doocti107_Admin.Config_Update" name="update_TimeZone" time="0.0">
    <skipped/>
  </testcase> <!-- update_TimeZone -->
  <testcase classname="Doocti107_Admin.Config_Update" name="update_Noti" time="0.0">
    <skipped/>
  </testcase> <!-- update_Noti -->
  <testcase classname="Doocti107_Admin.Config_Update" name="update_MeetingTitle" time="0.0">
    <skipped/>
  </testcase> <!-- update_MeetingTitle -->
  <testcase classname="Doocti107_Admin.Config_Deletion" name="delete_Queue" time="0.0">
    <skipped/>
  </testcase> <!-- delete_Queue -->
  <testcase classname="Doocti107_Admin.Config_Deletion" name="delete_Dispo" time="0.0">
    <skipped/>
  </testcase> <!-- delete_Dispo -->
  <testcase classname="Doocti107_Admin.Config_Deletion" name="delete_SubDispo" time="0.0">
    <skipped/>
  </testcase> <!-- delete_SubDispo -->
  <testcase classname="Doocti107_Admin.Config_Deletion" name="delete_LeadStatus" time="0.0">
    <skipped/>
  </testcase> <!-- delete_LeadStatus -->
  <testcase classname="Doocti107_Admin.Config_Deletion" name="delete_TicketStatus" time="0.0">
    <skipped/>
  </testcase> <!-- delete_TicketStatus -->
  <testcase classname="Doocti107_Admin.Config_Deletion" name="delete_Pausecode" time="0.0">
    <skipped/>
  </testcase> <!-- delete_Pausecode -->
  <testcase classname="Doocti107_Admin.Config_Deletion" name="delete_DID" time="0.0">
    <skipped/>
  </testcase> <!-- delete_DID -->
  <testcase classname="Doocti107_Admin.Config_Deletion" name="delete_Tag" time="0.0">
    <skipped/>
  </testcase> <!-- delete_Tag -->
  <testcase classname="Doocti107_Admin.Config_Deletion" name="delete_Announcement" time="0.0">
    <skipped/>
  </testcase> <!-- delete_Announcement -->
  <testcase classname="Doocti107_Admin.Config_Deletion" name="delete_ScriptURL" time="0.0">
    <skipped/>
  </testcase> <!-- delete_ScriptURL -->
  <testcase classname="Doocti107_Admin.Config_Deletion" name="delete_SLA" time="0.0">
    <skipped/>
  </testcase> <!-- delete_SLA -->
  <testcase classname="Doocti107_Admin.Config_Deletion" name="delete_Scheduler" time="0.0">
    <skipped/>
  </testcase> <!-- delete_Scheduler -->
  <testcase classname="Doocti107_Admin.Config_Deletion" name="delete_Inbound" time="0.0">
    <skipped/>
  </testcase> <!-- delete_Inbound -->
  <testcase classname="Doocti107_Admin.Config_Deletion" name="delete_TimeZone" time="0.0">
    <skipped/>
  </testcase> <!-- delete_TimeZone -->
  <testcase classname="Doocti107_Admin.Config_Deletion" name="delete_Noti" time="0.0">
    <skipped/>
  </testcase> <!-- delete_Noti -->
  <testcase classname="Doocti107_Admin.Config_Deletion" name="delete_MeetingTitle" time="0.0">
    <skipped/>
  </testcase> <!-- delete_MeetingTitle -->
  <testcase classname="Doocti107_Admin.Configu_Createion" name="create_OminiChannel" time="0.0">
    <ignored/>
  </testcase> <!-- create_OminiChannel -->
  <testcase classname="Doocti107_Admin.Config_Update" name="update_Audio" time="0.0">
    <ignored/>
  </testcase> <!-- update_Audio -->
  <testcase classname="DooctiAdmin.SeleniumBase" name="@BeforeSuite setUp" time="0.0">
    <ignored/>
  </testcase> <!-- @BeforeSuite setUp -->
  <testcase classname="DooctiAdmin.SeleniumBase" name="@BeforeSuite setUp" time="0.0">
    <ignored/>
  </testcase> <!-- @BeforeSuite setUp -->
  <testcase classname="Doocti107_Admin.Configu_Createion" name="upload_Audio" time="0.0">
    <ignored/>
  </testcase> <!-- upload_Audio -->
  <testcase classname="DooctiAdmin.SeleniumBase" name="@AfterSuite setDown" time="0.0">
    <ignored/>
  </testcase> <!-- @AfterSuite setDown -->
  <testcase classname="DooctiAdmin.SeleniumBase" name="@AfterSuite setDown" time="0.0">
    <ignored/>
  </testcase> <!-- @AfterSuite setDown -->
  <testcase classname="Doocti107_Admin.Config_Update" name="update_Schedule" time="0.0">
    <ignored/>
  </testcase> <!-- update_Schedule -->
</testsuite> <!-- Flow Test -->
