<?xml version="1.0" encoding="UTF-8"?>
<!-- Generated by org.testng.reporters.JUnitXMLReporter -->
<testsuite ignored="8" hostname="DESKTOP-OD30TCI" failures="0" tests="5" name="CRM Creation" time="79.808" errors="0" timestamp="2024-07-11T12:30:01 IST">
  <testcase classname="Doocti107_Admin.CRM_Creation" name="Create_PreviewCampaign" time="14.024"/>
  <testcase classname="Doocti107_Admin.CRM_Creation" name="Create_InboundCampaign" time="12.279"/>
  <testcase classname="Doocti107_Admin.CRM_Creation" name="Create_PredictiveCampaign" time="13.983"/>
  <testcase classname="Doocti107_Admin.CRM_Creation" name="Create_PowerCampaign" time="14.815"/>
  <testcase classname="Doocti107_Admin.CRM_Creation" name="Create_VoiceCampaign" time="17.409"/>
  <testcase classname="Doocti107_Admin.CRM_Creation" name="create_Lead" time="0.0">
    <ignored/>
  </testcase> <!-- create_Lead -->
  <testcase classname="Doocti107_Admin.CRM_Creation" name="upload_Lead" time="0.0">
    <ignored/>
  </testcase> <!-- upload_Lead -->
  <testcase classname="Doocti107_Admin.CRM_Creation" name="create_Contact" time="0.0">
    <ignored/>
  </testcase> <!-- create_Contact -->
  <testcase classname="Doocti107_Admin.CRM_Creation" name="upload_Leads" time="0.0">
    <ignored/>
  </testcase> <!-- upload_Leads -->
  <testcase classname="Doocti107_Admin.CRM_Creation" name="create_Meeting" time="0.0">
    <ignored/>
  </testcase> <!-- create_Meeting -->
  <testcase classname="Doocti107_Admin.CRM_Creation" name="upload_Contact" time="0.0">
    <ignored/>
  </testcase> <!-- upload_Contact -->
  <testcase classname="Doocti107_Admin.CRM_Creation" name="create_Tickets" time="0.0">
    <ignored/>
  </testcase> <!-- create_Tickets -->
  <testcase classname="Doocti107_Admin.CRM_Creation" name="create_List" time="0.0">
    <ignored/>
  </testcase> <!-- create_List -->
</testsuite> <!-- CRM Creation -->
