<?xml version="1.0" encoding="UTF-8"?>
<!-- Generated by org.testng.reporters.JUnitXMLReporter -->
<testsuite ignored="0" hostname="DESKTOP-OD30TCI" failures="1" tests="5" name="Creation Flow" time="22.258" errors="0" timestamp="2024-07-11T12:38:35 IST">
  <testcase classname="Doocti107_Admin.UserGroupDelete" name="Delete_Usergroup" time="3.38"/>
  <testcase classname="Doocti107_Admin.UserGroupDelete" name="Delete_User" time="3.89">
    <failure type="java.lang.AssertionError" message="Not Deleted...! expected [false] but found [true]">
      <![CDATA[java.lang.AssertionError: Not Deleted...! expected [false] but found [true]
at DooctiAdmin.SeleniumBase.deleteAssert(SeleniumBase.java:351)
at Doocti107_Admin.UserGroupDelete.Delete_User(UserGroupDelete.java:87)
at java.base/java.util.ArrayList.forEach(ArrayList.java:1511)
... Removed 31 stack frames]]>
    </failure>
  </testcase> <!-- Delete_User -->
  <testcase classname="Doocti107_Admin.UserGroupDelete" name="Delete_Team" time="2.122"/>
  <testcase classname="Doocti107_Admin.UserGroupDelete" name="Delete_Channel" time="2.079"/>
  <testcase classname="Doocti107_Admin.UserGroupDelete" name="Delete_Source" time="2.216"/>
</testsuite> <!-- Creation Flow -->
