<?xml version="1.0" encoding="UTF-8"?>
<!-- Generated by org.testng.reporters.JUnitXMLReporter -->
<testsuite ignored="14" hostname="DESKTOP-OD30TCI" failures="0" tests="1" name="Creation Flow(failed)(failed)(failed)" time="19.396" errors="0" timestamp="2024-07-10T18:30:12 IST">
  <testcase classname="Doocti107_Admin.UserGroupCreatiom" name="Create_Team" time="8.251"/>
  <testcase classname="Doocti107_Admin.UserGroupCreatiom" name="Delete_Channel" time="0.0">
    <ignored/>
  </testcase> <!-- Delete_Channel -->
  <testcase classname="Doocti107_Admin.UserGroupCreatiom" name="Delete_Team" time="0.0">
    <ignored/>
  </testcase> <!-- Delete_Team -->
  <testcase classname="Doocti107_Admin.UserGroupCreatiom" name="Update_User" time="0.0">
    <ignored/>
  </testcase> <!-- Update_User -->
  <testcase classname="Doocti107_Admin.UserGroupCreatiom" name="Create_Source" time="0.0">
    <ignored/>
  </testcase> <!-- Create_Source -->
  <testcase classname="Doocti107_Admin.UserGroupCreatiom" name="Delete_Usergroup" time="0.0">
    <ignored/>
  </testcase> <!-- Delete_Usergroup -->
  <testcase classname="Doocti107_Admin.UserGroupCreatiom" name="Delete_User" time="0.0">
    <ignored/>
  </testcase> <!-- Delete_User -->
  <testcase classname="Doocti107_Admin.UserGroupCreatiom" name="Create_User" time="0.0">
    <ignored/>
  </testcase> <!-- Create_User -->
  <testcase classname="Doocti107_Admin.UserGroupCreatiom" name="Update_Team" time="0.0">
    <ignored/>
  </testcase> <!-- Update_Team -->
  <testcase classname="Doocti107_Admin.UserGroupCreatiom" name="Delete_Source" time="0.0">
    <ignored/>
  </testcase> <!-- Delete_Source -->
  <testcase classname="Doocti107_Admin.UserGroupCreatiom" name="Update_Usergroups" time="0.0">
    <ignored/>
  </testcase> <!-- Update_Usergroups -->
  <testcase classname="Doocti107_Admin.UserGroupCreatiom" name="Update_Source" time="0.0">
    <ignored/>
  </testcase> <!-- Update_Source -->
  <testcase classname="Doocti107_Admin.UserGroupCreatiom" name="Update_Channel" time="0.0">
    <ignored/>
  </testcase> <!-- Update_Channel -->
  <testcase classname="Doocti107_Admin.UserGroupCreatiom" name="Create_Usergroup" time="0.0">
    <ignored/>
  </testcase> <!-- Create_Usergroup -->
  <testcase classname="Doocti107_Admin.UserGroupCreatiom" name="Create_Channel" time="0.0">
    <ignored/>
  </testcase> <!-- Create_Channel -->
</testsuite> <!-- Creation Flow(failed)(failed)(failed) -->
