<?xml version="1.0" encoding="UTF-8"?>
<!-- Generated by org.testng.reporters.JUnitXMLReporter -->
<testsuite ignored="12" hostname="DESKTOP-OD30TCI" failures="0" tests="58" name="Test" time="321.096" errors="0" timestamp="2024-07-10T18:23:53 IST">
  <testcase classname="Doocti107_Admin.Configuration" name="create_Queue" time="3.382"/>
  <testcase classname="Doocti107_Admin.Configuration" name="create_DispowithAction" time="5.495"/>
  <testcase classname="Doocti107_Admin.Configuration" name="create_Subdispo" time="4.814"/>
  <testcase classname="Doocti107_Admin.Configuration" name="create_DispowithoutAction" time="4.558"/>
  <testcase classname="Doocti107_Admin.Configuration" name="create_LeadStatuswithClosed" time="3.732"/>
  <testcase classname="Doocti107_Admin.Configuration" name="create_TicketStatuswithClosed" time="4.584"/>
  <testcase classname="Doocti107_Admin.Configuration" name="create_LeadStatuswithoutClosed" time="3.892"/>
  <testcase classname="Doocti107_Admin.Configuration" name="create_TicketStatuswithoutClosed" time="3.992"/>
  <testcase classname="Doocti107_Admin.Configuration" name="create_PauseCode" time="5.109"/>
  <testcase classname="Doocti107_Admin.Configuration" name="upload_Blocklist" time="2.849"/>
  <testcase classname="Doocti107_Admin.Configuration" name="upload_DNC" time="3.251"/>
  <testcase classname="Doocti107_Admin.Configuration" name="upload_DID" time="2.69"/>
  <testcase classname="Doocti107_Admin.Configuration" name="create_DID" time="3.985"/>
  <testcase classname="Doocti107_Admin.Configuration" name="create_Tag" time="3.888"/>
  <testcase classname="Doocti107_Admin.Configuration" name="create_Announcement" time="5.151"/>
  <testcase classname="Doocti107_Admin.Configuration" name="create_ScriptURL" time="5.238"/>
  <testcase classname="Doocti107_Admin.Configuration" name="create_ScriptText" time="4.894"/>
  <testcase classname="Doocti107_Admin.Configuration" name="create_InboundwithBlklist" time="4.666"/>
  <testcase classname="Doocti107_Admin.Configuration" name="create_InboundwithoutBlklist" time="4.588"/>
  <testcase classname="Doocti107_Admin.Configuration" name="create_TimeZone" time="7.953"/>
  <testcase classname="Doocti107_Admin.Configuration" name="create_SystemSettingDataLead" time="2.289"/>
  <testcase classname="Doocti107_Admin.Configuration" name="create_SystemSettingDataTicket" time="2.031"/>
  <testcase classname="Doocti107_Admin.Configuration" name="create_MeetingTitle" time="3.693"/>
  <testcase classname="Doocti107_Admin.Configuration" name="Update_Dispo" time="7.667"/>
  <testcase classname="Doocti107_Admin.Configuration" name="update_SubDispo" time="6.766"/>
  <testcase classname="Doocti107_Admin.Configuration" name="Update_Dispowithaction" time="7.041"/>
  <testcase classname="Doocti107_Admin.Configuration" name="update_LeadStatus" time="5.997"/>
  <testcase classname="Doocti107_Admin.Configuration" name="update_TicketStatus" time="6.265"/>
  <testcase classname="Doocti107_Admin.Configuration" name="update_LeadStatuswithclosed" time="5.797"/>
  <testcase classname="Doocti107_Admin.Configuration" name="update_TicketStatuswithclosed" time="5.526"/>
  <testcase classname="Doocti107_Admin.Configuration" name="update_Pausecode" time="7.171"/>
  <testcase classname="Doocti107_Admin.Configuration" name="update_DID" time="5.563"/>
  <testcase classname="Doocti107_Admin.Configuration" name="update_Tag" time="5.155"/>
  <testcase classname="Doocti107_Admin.Configuration" name="update_Announcement" time="6.927"/>
  <testcase classname="Doocti107_Admin.Configuration" name="update_ScriptURL" time="8.818"/>
  <testcase classname="Doocti107_Admin.Configuration" name="update_Inbound" time="4.407"/>
  <testcase classname="Doocti107_Admin.Configuration" name="update_ScriptText" time="9.339"/>
  <testcase classname="Doocti107_Admin.Configuration" name="update_Inboundwithblk" time="4.297"/>
  <testcase classname="Doocti107_Admin.Configuration" name="update_TimeZone" time="6.081"/>
  <testcase classname="Doocti107_Admin.Configuration" name="update_MeetingTitle" time="4.404"/>
  <testcase classname="Doocti107_Admin.Configuration" name="delete_Queue" time="6.102"/>
  <testcase classname="Doocti107_Admin.Configuration" name="delete_Dispo" time="6.126"/>
  <testcase classname="Doocti107_Admin.Configuration" name="delete_SubDispo" time="7.527"/>
  <testcase classname="Doocti107_Admin.Configuration" name="delete_Dispowithaction" time="6.672"/>
  <testcase classname="Doocti107_Admin.Configuration" name="delete_LeadStatus" time="6.304"/>
  <testcase classname="Doocti107_Admin.Configuration" name="delete_TicketStatus" time="6.913"/>
  <testcase classname="Doocti107_Admin.Configuration" name="delete_LeadStatuswithclosed" time="6.74"/>
  <testcase classname="Doocti107_Admin.Configuration" name="delete_TicketStatuswithclosed" time="6.703"/>
  <testcase classname="Doocti107_Admin.Configuration" name="delete_Pausecode" time="6.713"/>
  <testcase classname="Doocti107_Admin.Configuration" name="delete_DID" time="5.651"/>
  <testcase classname="Doocti107_Admin.Configuration" name="delete_Tag" time="6.746"/>
  <testcase classname="Doocti107_Admin.Configuration" name="delete_Announcement" time="5.879"/>
  <testcase classname="Doocti107_Admin.Configuration" name="delete_ScriptURL" time="6.73"/>
  <testcase classname="Doocti107_Admin.Configuration" name="delete_Inbound" time="3.756"/>
  <testcase classname="Doocti107_Admin.Configuration" name="delete_ScriptText" time="5.818"/>
  <testcase classname="Doocti107_Admin.Configuration" name="delete_Inboundwithblk" time="3.657"/>
  <testcase classname="Doocti107_Admin.Configuration" name="delete_TimeZone" time="7.434"/>
  <testcase classname="Doocti107_Admin.Configuration" name="delete_MeetingTitle" time="3.947"/>
  <testcase classname="Doocti107_Admin.Configuration" name="update_Audio" time="0.0">
    <ignored/>
  </testcase> <!-- update_Audio -->
  <testcase classname="Doocti107_Admin.Configuration" name="create_Schedule" time="0.0">
    <ignored/>
  </testcase> <!-- create_Schedule -->
  <testcase classname="Doocti107_Admin.Configuration" name="create_SLA" time="0.0">
    <ignored/>
  </testcase> <!-- create_SLA -->
  <testcase classname="Doocti107_Admin.Configuration" name="update_Schedule" time="0.0">
    <ignored/>
  </testcase> <!-- update_Schedule -->
  <testcase classname="Doocti107_Admin.Configuration" name="update_Noti" time="0.0">
    <ignored/>
  </testcase> <!-- update_Noti -->
  <testcase classname="Doocti107_Admin.Configuration" name="delete_Scheduler" time="0.0">
    <ignored/>
  </testcase> <!-- delete_Scheduler -->
  <testcase classname="Doocti107_Admin.Configuration" name="update_SLA" time="0.0">
    <ignored/>
  </testcase> <!-- update_SLA -->
  <testcase classname="Doocti107_Admin.Configuration" name="upload_Audio" time="0.0">
    <ignored/>
  </testcase> <!-- upload_Audio -->
  <testcase classname="Doocti107_Admin.Configuration" name="create_OminiChannel" time="0.0">
    <ignored/>
  </testcase> <!-- create_OminiChannel -->
  <testcase classname="Doocti107_Admin.Configuration" name="create_Noti" time="0.0">
    <ignored/>
  </testcase> <!-- create_Noti -->
  <testcase classname="Doocti107_Admin.Configuration" name="delete_Noti" time="0.0">
    <ignored/>
  </testcase> <!-- delete_Noti -->
  <testcase classname="Doocti107_Admin.Configuration" name="delete_SLA" time="0.0">
    <ignored/>
  </testcase> <!-- delete_SLA -->
</testsuite> <!-- Test -->
